0 info it worked if it ends with ok
1 verbose cli [ '/usr/bin/node', '/usr/bin/npm', 'install', 'gulp', '-g' ]
2 info using npm@1.4.28
3 info using node@v0.10.37
4 verbose node symlink /usr/bin/node
5 verbose cache add [ 'gulp', null ]
6 verbose cache add name=undefined spec="gulp" args=["gulp",null]
7 verbose parsed url { protocol: null,
7 verbose parsed url   slashes: null,
7 verbose parsed url   auth: null,
7 verbose parsed url   host: null,
7 verbose parsed url   port: null,
7 verbose parsed url   hostname: null,
7 verbose parsed url   hash: null,
7 verbose parsed url   search: null,
7 verbose parsed url   query: null,
7 verbose parsed url   pathname: 'gulp',
7 verbose parsed url   path: 'gulp',
7 verbose parsed url   href: 'gulp' }
8 silly lockFile 9750c68d-gulp gulp
9 verbose lock gulp /home/nebo/.npm/9750c68d-gulp.lock
10 silly lockFile 9750c68d-gulp gulp
11 silly lockFile 9750c68d-gulp gulp
12 verbose addNamed [ 'gulp', '' ]
13 verbose addNamed [ null, '*' ]
14 silly lockFile 72f4391e-gulp gulp@
15 verbose lock gulp@ /home/nebo/.npm/72f4391e-gulp.lock
16 silly addNameRange { name: 'gulp', range: '*', hasData: false }
17 verbose request where is /gulp
18 verbose request registry https://registry.npmjs.org/
19 verbose request id cf019488dd73fe48
20 verbose url raw /gulp
21 verbose url resolving [ 'https://registry.npmjs.org/', './gulp' ]
22 verbose url resolved https://registry.npmjs.org/gulp
23 verbose request where is https://registry.npmjs.org/gulp
24 info trying registry request attempt 1 at 15:41:00
25 verbose etag "B870IF9IJZR3NMX8HXFYP0CSC"
26 http GET https://registry.npmjs.org/gulp
27 http 304 https://registry.npmjs.org/gulp
28 silly registry.get cb [ 304,
28 silly registry.get   { date: 'Sat, 19 Mar 2016 14:41:01 GMT',
28 silly registry.get     via: '1.1 varnish',
28 silly registry.get     'cache-control': 'max-age=300',
28 silly registry.get     etag: '"B870IF9IJZR3NMX8HXFYP0CSC"',
28 silly registry.get     age: '133',
28 silly registry.get     connection: 'keep-alive',
28 silly registry.get     'x-served-by': 'cache-lhr6332-LHR',
28 silly registry.get     'x-cache': 'HIT',
28 silly registry.get     'x-cache-hits': '1',
28 silly registry.get     'x-timer': 'S1458398461.161150,VS0,VE1',
28 silly registry.get     vary: 'Accept' } ]
29 verbose etag https://registry.npmjs.org/gulp from cache
30 silly addNameRange number 2 { name: 'gulp', range: '*', hasData: true }
31 silly addNameRange versions [ 'gulp',
31 silly addNameRange   [ '0.0.1',
31 silly addNameRange     '0.0.2',
31 silly addNameRange     '0.0.3',
31 silly addNameRange     '0.0.4',
31 silly addNameRange     '0.0.5',
31 silly addNameRange     '0.0.7',
31 silly addNameRange     '0.0.8',
31 silly addNameRange     '0.0.9',
31 silly addNameRange     '0.1.0',
31 silly addNameRange     '0.2.0',
31 silly addNameRange     '1.0.0',
31 silly addNameRange     '1.1.0',
31 silly addNameRange     '1.2.0',
31 silly addNameRange     '1.2.1',
31 silly addNameRange     '2.0.0',
31 silly addNameRange     '2.0.1',
31 silly addNameRange     '2.1.0',
31 silly addNameRange     '2.2.0',
31 silly addNameRange     '2.3.0',
31 silly addNameRange     '2.4.0',
31 silly addNameRange     '2.4.1',
31 silly addNameRange     '2.6.0',
31 silly addNameRange     '2.6.1',
31 silly addNameRange     '2.7.0',
31 silly addNameRange     '3.0.0',
31 silly addNameRange     '3.1.1',
31 silly addNameRange     '3.1.2',
31 silly addNameRange     '3.1.3',
31 silly addNameRange     '3.1.4',
31 silly addNameRange     '3.2.0',
31 silly addNameRange     '3.2.1',
31 silly addNameRange     '3.2.2',
31 silly addNameRange     '3.2.3',
31 silly addNameRange     '3.2.4',
31 silly addNameRange     '3.2.5',
31 silly addNameRange     '3.3.0',
31 silly addNameRange     '3.3.1',
31 silly addNameRange     '3.3.2',
31 silly addNameRange     '3.3.4',
31 silly addNameRange     '3.4.0',
31 silly addNameRange     '3.5.0',
31 silly addNameRange     '3.5.1',
31 silly addNameRange     '3.5.2',
31 silly addNameRange     '3.5.5',
31 silly addNameRange     '3.5.6',
31 silly addNameRange     '3.6.0',
31 silly addNameRange     '3.6.1',
31 silly addNameRange     '3.6.2',
31 silly addNameRange     '3.7.0',
31 silly addNameRange     '3.8.0',
31 silly addNameRange     '3.8.1',
31 silly addNameRange     '3.8.2',
31 silly addNameRange     '3.8.3',
31 silly addNameRange     '3.8.4',
31 silly addNameRange     '3.8.5',
31 silly addNameRange     '3.8.6',
31 silly addNameRange     '3.8.7',
31 silly addNameRange     '3.8.8',
31 silly addNameRange     '3.8.9',
31 silly addNameRange     '3.8.10',
31 silly addNameRange     '3.8.11',
31 silly addNameRange     '3.9.0',
31 silly addNameRange     '3.9.1' ] ]
32 verbose addNamed [ 'gulp', '3.9.1' ]
33 verbose addNamed [ '3.9.1', '3.9.1' ]
34 silly lockFile d9f1ef79-gulp-3-9-1 gulp@3.9.1
35 verbose lock gulp@3.9.1 /home/nebo/.npm/d9f1ef79-gulp-3-9-1.lock
36 silly lockFile d9f1ef79-gulp-3-9-1 gulp@3.9.1
37 silly lockFile d9f1ef79-gulp-3-9-1 gulp@3.9.1
38 silly lockFile 72f4391e-gulp gulp@
39 silly lockFile 72f4391e-gulp gulp@
40 silly resolved [ { name: 'gulp',
40 silly resolved     description: 'The streaming build system',
40 silly resolved     version: '3.9.1',
40 silly resolved     homepage: 'http://gulpjs.com',
40 silly resolved     repository: { type: 'git', url: 'git+https://github.com/gulpjs/gulp.git' },
40 silly resolved     author:
40 silly resolved      { name: 'Fractal',
40 silly resolved        email: 'contact@wearefractal.com',
40 silly resolved        url: 'http://wearefractal.com/' },
40 silly resolved     tags: [ 'build', 'stream', 'system', 'make', 'tool', 'asset', 'pipeline' ],
40 silly resolved     files: [ 'index.js', 'lib', 'bin', 'completion', 'gulp.1' ],
40 silly resolved     bin: { gulp: './bin/gulp.js' },
40 silly resolved     man: [ 'gulp.1' ],
40 silly resolved     dependencies:
40 silly resolved      { archy: '^1.0.0',
40 silly resolved        chalk: '^1.0.0',
40 silly resolved        deprecated: '^0.0.1',
40 silly resolved        'gulp-util': '^3.0.0',
40 silly resolved        interpret: '^1.0.0',
40 silly resolved        liftoff: '^2.1.0',
40 silly resolved        minimist: '^1.1.0',
40 silly resolved        orchestrator: '^0.3.0',
40 silly resolved        'pretty-hrtime': '^1.0.0',
40 silly resolved        semver: '^4.1.0',
40 silly resolved        tildify: '^1.0.0',
40 silly resolved        v8flags: '^2.0.2',
40 silly resolved        'vinyl-fs': '^0.3.0' },
40 silly resolved     devDependencies:
40 silly resolved      { coveralls: '^2.7.0',
40 silly resolved        eslint: '^1.7.3',
40 silly resolved        'eslint-config-gulp': '^2.0.0',
40 silly resolved        'graceful-fs': '^3.0.0',
40 silly resolved        istanbul: '^0.3.0',
40 silly resolved        jscs: '^2.3.5',
40 silly resolved        'jscs-preset-gulp': '^1.0.0',
40 silly resolved        'marked-man': '^0.1.3',
40 silly resolved        mkdirp: '^0.5.0',
40 silly resolved        mocha: '^2.0.1',
40 silly resolved        'mocha-lcov-reporter': '^0.0.1',
40 silly resolved        q: '^1.0.0',
40 silly resolved        rimraf: '^2.2.5',
40 silly resolved        should: '^5.0.1' },
40 silly resolved     scripts:
40 silly resolved      { prepublish: 'marked-man --name gulp docs/CLI.md > gulp.1',
40 silly resolved        lint: 'eslint . && jscs *.js bin/ lib/ test/',
40 silly resolved        pretest: 'npm run lint',
40 silly resolved        test: 'mocha --reporter spec',
40 silly resolved        coveralls: 'istanbul cover _mocha --report lcovonly -- -R spec && cat ./coverage/lcov.info | coveralls && rm -rf ./coverage' },
40 silly resolved     engines: { node: '>= 0.9' },
40 silly resolved     license: 'MIT',
40 silly resolved     gitHead: '9c14e3a13a73a32e424f144d62566671b2fcdbed',
40 silly resolved     bugs: { url: 'https://github.com/gulpjs/gulp/issues' },
40 silly resolved     _id: 'gulp@3.9.1',
40 silly resolved     _shasum: '571ce45928dd40af6514fc4011866016c13845b4',
40 silly resolved     _from: 'gulp@',
40 silly resolved     _npmVersion: '2.14.14',
40 silly resolved     _nodeVersion: '0.10.41',
40 silly resolved     _npmUser: { name: 'phated', email: 'blaine@iceddev.com' },
40 silly resolved     maintainers: [ [Object], [Object] ],
40 silly resolved     dist:
40 silly resolved      { shasum: '571ce45928dd40af6514fc4011866016c13845b4',
40 silly resolved        tarball: 'http://registry.npmjs.org/gulp/-/gulp-3.9.1.tgz' },
40 silly resolved     _npmOperationalInternal:
40 silly resolved      { host: 'packages-6-west.internal.npmjs.com',
40 silly resolved        tmp: 'tmp/gulp-3.9.1.tgz_1454957415500_0.15343931876122952' },
40 silly resolved     directories: {},
40 silly resolved     _resolved: 'https://registry.npmjs.org/gulp/-/gulp-3.9.1.tgz',
40 silly resolved     readme: 'ERROR: No README data found!' } ]
41 info install gulp@3.9.1 into /usr/lib
42 info installOne gulp@3.9.1
43 verbose lib/node_modules/gulp unbuild
44 verbose tar unpack /home/nebo/.npm/gulp/3.9.1/package.tgz
45 silly lockFile df399f84-tar-usr-lib-node-modules-gulp tar:///usr/lib/node_modules/gulp
46 verbose lock tar:///usr/lib/node_modules/gulp /home/nebo/.npm/df399f84-tar-usr-lib-node-modules-gulp.lock
47 silly lockFile 28c37385--nebo-npm-gulp-3-9-1-package-tgz tar:///home/nebo/.npm/gulp/3.9.1/package.tgz
48 verbose lock tar:///home/nebo/.npm/gulp/3.9.1/package.tgz /home/nebo/.npm/28c37385--nebo-npm-gulp-3-9-1-package-tgz.lock
49 silly gunzTarPerm modes [ '775', '664' ]
50 error Error: EACCES, mkdir '/usr/lib/node_modules/gulp'
50 error  { [Error: EACCES, mkdir '/usr/lib/node_modules/gulp']
50 error   errno: 3,
50 error   code: 'EACCES',
50 error   path: '/usr/lib/node_modules/gulp',
50 error   fstream_type: 'Directory',
50 error   fstream_path: '/usr/lib/node_modules/gulp',
50 error   fstream_class: 'DirWriter',
50 error   fstream_stack:
50 error    [ '/usr/lib/node_modules/npm/node_modules/fstream/lib/dir-writer.js:36:23',
50 error      '/usr/lib/node_modules/npm/node_modules/mkdirp/index.js:46:53',
50 error      'Object.oncomplete (fs.js:108:15)' ] }
51 error Please try running this command again as root/Administrator.
52 error System Linux 3.13.0-79-generic
53 error command "/usr/bin/node" "/usr/bin/npm" "install" "gulp" "-g"
54 error cwd /home/nebo/Bureau/slack4health-hhc16
55 error node -v v0.10.37
56 error npm -v 1.4.28
57 error path /usr/lib/node_modules/gulp
58 error fstream_path /usr/lib/node_modules/gulp
59 error fstream_type Directory
60 error fstream_class DirWriter
61 error code EACCES
62 error errno 3
63 error stack Error: EACCES, mkdir '/usr/lib/node_modules/gulp'
64 error fstream_stack /usr/lib/node_modules/npm/node_modules/fstream/lib/dir-writer.js:36:23
64 error fstream_stack /usr/lib/node_modules/npm/node_modules/mkdirp/index.js:46:53
64 error fstream_stack Object.oncomplete (fs.js:108:15)
65 verbose exit [ 3, true ]
